        -:    0:Source:cardtest2.c
        -:    0:Graph:cardtest2.gcno
        -:    0:Data:cardtest2.gcda
        -:    0:Runs:1
        -:    0:Programs:1
        -:    1:/*
        -:    2:* Author : Jacob Sapaugh
        -:    3:*          Oregon State University
        -:    4:*          CS 362
        -:    5:*          07-18-2018
        -:    6:*/
        -:    7:
        -:    8:#include "dominion.h"
        -:    9:#include "dominion_helpers.h"
        -:   10:#include "interface.h"
        -:   11:#include "rngs.h"
        -:   12:#include <stdio.h>
        -:   13:#include <stdlib.h>
        -:   14:
        -:   15:void assertEquals(int expected, int actual, char message[]);
        -:   16:void testSmithy();
        -:   17:
function main called 1 returned 100% blocks executed 100%
        1:   18:int main(int argc, char* argv[]) 
        -:   19:{
        1:   20:    char functionUnderTest[] = "int cardEffect(...) adventurerEffect(...)";
        -:   21:
        1:   22:    printf("__________________________________________________________________\n");
call    0 returned 100%
        1:   23:    fflush(stdout);        
call    0 returned 100%
        1:   24:    printf("*******Begin testing of %s*******\n",functionUnderTest);
call    0 returned 100%
        1:   25:    fflush(stdout);        
call    0 returned 100%
        -:   26:    
        1:   27:    testSmithy();
call    0 returned 100%
        -:   28:    
        1:   29:    printf("*******End testing of %s*******\n",functionUnderTest);
call    0 returned 100%
        1:   30:    fflush(stdout);        
call    0 returned 100%
        1:   31:    printf("__________________________________________________________________\n");
call    0 returned 100%
        1:   32:    fflush(stdout);        
call    0 returned 100%
        -:   33:	
        1:   34:    return 0;
        -:   35:}
        -:   36:
function testSmithy called 1 returned 100% blocks executed 100%
        1:   37:void testSmithy()
        -:   38:{
        -:   39:    struct gameState state;
        1:   40:    int players = 3;
        1:   41:    int seed = 100;
        1:   42:    int handPos = 0;
        1:   43:    int bonus = 0;
        -:   44:    
        1:   45:	int k[10] = {adventurer, gardens, smithy, village, great_hall, council_room, ambassador, mine, cutpurse, salvager};
        -:   46:	
        1:   47:    initializeGame(players, k, seed, &state);
call    0 returned 100%
        -:   48:    
        -:   49:    
        1:   50:    state.whoseTurn = 1;
        1:   51:    int handCountBeforePlayerTwo = numHandCards(&state);
call    0 returned 100%
        -:   52:
        1:   53:    state.whoseTurn = 2;
        1:   54:    int handCountBeforePlayerThree = numHandCards(&state);
call    0 returned 100%
        -:   55:    
        1:   56:    state.whoseTurn = 0;
        1:   57:    int handCountBeforePlayerOne = numHandCards(&state);
call    0 returned 100%
        1:   58:    int totalCardsBeforePlayerOne = state.deckCount[0] + state.discardCount[0] + state.handCount[0];
        1:   59:    int played =  cardEffect(adventurer, 0, 0, 0, &state, handPos, &bonus);
call    0 returned 100%
        -:   60:    
        1:   61:    assertEquals(0, state.numActions, "Testing total number of actions after playing smithy");
call    0 returned 100%
        1:   62:    assertEquals(0, played, "Testing return code on cardEffect(...)");
call    0 returned 100%
        -:   63:    
        1:   64:    int totalCardsAfterPlayerOne = state.deckCount[0] + state.discardCount[0] + state.handCount[0];
        -:   65:    
        -:   66:    //player 0 (player one's turn)
        1:   67:    int handDifferencePlayerOne = abs(numHandCards(&state) - handCountBeforePlayerOne);
call    0 returned 100%
        -:   68:    
        1:   69:    state.whoseTurn = 1;
        -:   70:    //check next players hand count, make sure it is 0
        1:   71:    int handDifferencePlayerTwo = abs(numHandCards(&state)-handCountBeforePlayerTwo);
call    0 returned 100%
        -:   72:    
        1:   73:    state.whoseTurn = 2;
        -:   74:    //check next players hand count, make sure it is 0
        1:   75:    int handDifferencePlayerThree = abs(numHandCards(&state)-handCountBeforePlayerThree);
call    0 returned 100%
        -:   76:    
        -:   77:    //check hands of the active players
        1:   78:    assertEquals(2, handDifferencePlayerOne, "Testing difference in cards in hand for player one");
call    0 returned 100%
        1:   79:    assertEquals(0, handDifferencePlayerTwo, "Testing difference in cards in hand for player two");
call    0 returned 100%
        1:   80:    assertEquals(0, handDifferencePlayerThree, "Testing difference in cards in hand for player three");
call    0 returned 100%
        -:   81:    
        -:   82:    //make sure no cards were trashed
        1:   83:    assertEquals(totalCardsBeforePlayerOne, totalCardsAfterPlayerOne, "Confirming no cards were trashed");
call    0 returned 100%
        1:   84:}
        -:   85:
function assertEquals called 6 returned 100% blocks executed 100%
        6:   86:void assertEquals(int expected, int actual, char message[])
        -:   87:{
        6:   88:    printf("%s\n", message);
call    0 returned 100%
        6:   89:    fflush(stdout);
call    0 returned 100%
        -:   90:    
        6:   91:    if(expected == actual)
branch  0 taken 67% (fallthrough)
branch  1 taken 33%
        -:   92:    {
        4:   93:        printf("****************TEST SUCCESSFULLY COMPLETED****************\n");
call    0 returned 100%
        4:   94:        fflush(stdout);
call    0 returned 100%
        -:   95:    }
        -:   96:    else
        -:   97:    {
        2:   98:        printf("************************TEST FAILED************************\n");
call    0 returned 100%
        2:   99:        fflush(stdout);        
call    0 returned 100%
        -:  100:    }
        6:  101:}
